a
abide
able
about
above
absence
absurd
acceptance
accident
accidentally
account
accounting
accounts
accusation
accustomed
ache
across
act
actually
ada
added
adding
addressed
addressing
adjourn
adoption
advance
advantage
adventures
advice
advisable
advise
affair
affectionately
afford
afore
afraid
after
afterwards
again
against
age
ago
agony
agree
ah
ahem
air
airs
alarm
alarmed
alas
alice
alive
all
allow
almost
alone
along
aloud
already
also
altered
alternately
altogether
always
am
ambition
among
an
ancient
and
anger
angrily
angry
animal
animals
ann
annoy
annoyed
another
answer
answered
answers
antipathies
anxious
anxiously
any
anything
anywhere
appealed
appear
appearance
appeared
appearing
applause
apple
apples
arch
archbishop
arches
are
argue
argued
argument
arguments
arithmetic
arm
arms
around
arranged
arrived
arrow
arrum
as
ashamed
ask
askance
asked
asking
asleep
assembled
at
ate
atheling
atom
attempt
attempted
attempts
attended
attending
attends
audibly
australia
authority
avoid
away
awfully
axes
axis
baby
back
backs
bad
bag
baked
balanced
balls
bank
banks
banquet
bark
barking
barley
barrowful
bat
bathing
bats
bawled
be
beak
bear
beast
beasts
beat
beating
beau
beauti
beautiful
beautifully
beautify
became
because
become
becoming
bed
beds
bee
been
before
beg
began
begged
begin
beginning
begins
begun
behead
beheaded
beheading
behind
being
believe
believed
bells
belong
belongs
beloved
below
belt
bend
bent
besides
best
better
between
bill
bird
birds
birthday
bit
bite
bitter
blacking
blades
blame
blasts
bleeds
blew
blow
blown
blows
body
boldly
bone
bones
book
books
boon
boots
bore
both
bother
bottle
bottom
bough
bound
bowed
bowing
box
boxed
boy
brain
branch
branches
brandy
brass
brave
bread
break
breath
breathe
breeze
bright
brightened
bring
bringing
bristling
broke
broken
brother
brought
brown
brush
brushing
burn
burning
burnt
burst
bursting
busily
business
busy
but
butter
buttercup
buttered
butterfly
buttons
by
bye
c
cackled
cake
cakes
call
called
calling
calmly
came
camomile
can
canary
candle
cannot
canterbury
canvas
capering
capital
cardboard
cards
care
carefully
cares
carried
carrier
carroll
carry
carrying
cart
cartwheels
case
cat
catch
catching
caterpillar
cats
cattle
caucus
caught
cauldron
cause
caused
cautiously
ceiling
centre
certain
certainly
chain
chains
chair
chance
chanced
change
changed
changes
changing
chapter
character
charges
chatte
cheap
cheated
checked
cheeks
cheered
cheerfully
cherry
cheshire
chief
child
childhood
children
chimney
chimneys
chin
choice
choke
choked
choking
choosing
chop
chorus
chose
christmas
chrysalis
chuckled
circle
circumstances
civil
clamour
clapping
clasped
classics
claws
clean
clear
cleared
clearer
clearly
clever
climb
clinging
clock
close
closed
closely
closer
clubs
coast
coaxing
coils
cold
collar
collected
come
comes
comfits
comfort
comfortable
comfortably
coming
common
commotion
company
complained
complaining
completely
concert
concluded
conclusion
condemn
conduct
confused
confusing
confusion
conger
conqueror
conquest
consented
consider
considered
considering
constant
consultation
contempt
contemptuous
contemptuously
content
continued
contradicted
conversation
conversations
cook
cool
corner
corners
cost
could
couldn
counting
country
couple
couples
courage
course
court
courtiers
coward
crab
crash
crashed
crawled
crawling
crazy
creature
creatures
creep
crept
cried
cries
crimson
crocodile
croquet
croqueted
croqueting
cross
crossed
crossly
crouched
crowd
crowded
crown
crumbs
crust
cry
crying
cucumber
cunning
cup
cupboards
cur
curiosity
curious
curiouser
curled
curls
curly
currants
curtain
curtsey
curtseying
curving
cushion
custard
custody
cut
cutting
d
dainties
daisies
daisy
dance
dancing
dare
daresay
dark
darkness
dates
daughter
day
days
dead
deal
dear
dears
death
decided
decidedly
declare
declared
deep
deepest
deeply
delay
delight
delighted
delightful
denial
denied
denies
deny
denying
depends
derision
deserved
desk
desks
despair
desperate
desperately
diamonds
did
didn
die
died
different
difficult
difficulties
difficulty
dig
digging
diligently
dinah
dinn
dinner
dipped
directed
direction
directions
directly
disagree
disappeared
disappointment
disgust
dish
dishes
dismay
disobey
dispute
distance
distant
distraction
dive
do
dodged
dodo
does
doesn
dog
dogs
doing
don
done
door
doors
doorway
dormouse
doth
double
doubled
doubling
doubt
doubtful
doubtfully
down
downward
downwards
doze
dozing
draggled
draw
drawing
drawling
dreadful
dreadfully
dream
dreamed
dreaming
dreamy
dressed
drew
dried
driest
drink
drinking
dripping
drive
drop
dropped
dropping
drowned
drunk
dry
duchess
duck
dull
dunce
e
each
eager
eagerly
eaglet
ear
earls
earnestly
ears
earth
easily
easy
eat
eaten
eating
eats
edgar
edge
edition
editions
educations
edwin
eel
eels
effect
egg
eggs
eh
either
elbow
elbows
elegant
eleventh
else
elsie
em
emphasis
empty
encourage
encouraged
encouraging
end
ending
energetic
engaged
engine
england
english
engraved
enjoy
enormous
enough
entangled
entirely
entrance
escape
esq
est
even
evening
ever
every
everybody
everything
evidence
evidently
exact
exactly
examine
examining
excellent
except
exclaimed
exclamation
execute
executed
executes
execution
executioner
executions
existence
expected
expecting
experiment
explain
explained
explanation
explanations
expressing
expression
extra
extraordinary
extras
extremely
eye
eyed
eyelids
eyes
face
faces
fact
fading
failure
faint
fainting
faintly
fair
fairly
fairy
fall
fallen
falling
familiarly
family
fan
fancied
fancy
fancying
fanned
fanning
far
farm
farmer
farther
fashion
fast
faster
fat
father
favoured
favourite
fear
feared
feather
feathers
feeble
feebly
feel
feeling
feelings
feet
fell
fellow
fellows
felt
fender
ferrets
fetch
few
fidgeted
field
fifteen
fifteenth
fifth
fig
fight
fighting
figure
figures
filled
fills
find
finding
finds
fine
finger
finish
finished
finishing
fire
fireplace
first
fish
fishes
fit
fits
fitted
five
fix
fixed
flame
flamingo
flamingoes
flapper
flappers
flashed
flat
flavour
flew
flinging
flock
floor
flower
flowers
flown
flung
flurry
flustered
fluttered
fly
flying
folded
folding
follow
followed
follows
fond
foolish
foot
footman
footmen
footsteps
for
forehead
forepaws
forget
forgetting
forgot
forgotten
fork
form
fortunately
forty
forwards
found
fountains
four
fourteenth
fourth
frame
frames
france
free
french
friend
friends
fright
frighten
frightened
frog
from
front
frontispiece
frowning
frying
ful
fulcrum
full
fumbled
fun
funny
fur
furious
furiously
furrow
furrows
further
fury
gained
gallons
game
games
garden
gardeners
gather
gave
gay
gazing
general
generally
gently
geography
get
getting
giddy
girl
girls
give
given
giving
glad
glanced
glaring
glass
globe
gloomily
gloves
go
goes
going
golden
goldfish
gone
good
goose
got
graceful
grammar
grand
grant
grass
grave
gravely
gravy
grazed
great
green
grew
grey
grief
grin
grinned
grinning
grins
ground
grow
growing
growl
growled
growling
growls
grown
grumbled
grunt
grunted
gryphon
guard
guess
guessed
guests
guilt
guinea
had
hadn
hair
half
hall
hand
handed
hands
handsome
handwriting
hanging
happen
happened
happening
happens
happy
hard
hardly
hare
harm
has
hasn
haste
hastily
hat
hatching
hate
hated
hatter
hatters
have
haven
having
he
head
heads
heap
hear
heard
hearing
heart
hearth
hearthrug
hearts
heavy
hedge
hedgehog
hedgehogs
hedges
heels
height
held
help
helped
helpless
her
herald
here
hers
herself
hid
hide
high
highest
him
himself
hint
hippopotamus
his
hiss
histories
history
hit
hjckrrh
hm
hoarse
hoarsely
hold
holding
hole
holiday
hollow
home
honest
honour
hookah
hope
hoped
hopeful
hopeless
hoping
horse
hot
hour
hours
house
housemaid
houses
how
however
howled
howling
humble
humbly
hundred
hung
hungry
hunting
hurried
hurriedly
hurry
hurrying
hurt
hush
i
idea
idiot
idiotic
if
ignorant
ii
iii
ill
imagine
imitated
immediate
immediately
immense
impatient
impatiently
impertinent
important
impossible
improve
in
incessantly
inches
inclined
indeed
indignant
indignantly
injure
ink
inkstand
inquired
inquisitively
inside
insolence
instance
instantly
instead
insult
interest
interesting
interrupt
interrupted
interrupting
into
introduce
introduced
invent
invented
invitation
invited
involved
inwards
irons
irritated
is
isn
it
its
itself
iv
ix
jack
jar
jaw
jaws
jelly
jogged
join
joined
journey
joys
judge
judging
jug
jumped
jumping
juror
jurors
jury
jurymen
just
justice
keep
keeping
kept
kettle
key
kick
kid
kill
killing
kills
kind
kindly
king
kings
kiss
kissed
kitchen
knave
knee
kneel
knelt
knew
knife
knock
knocked
knocking
knot
know
knowing
knowledge
known
knows
knuckles
label
labelled
lacie
lad
ladder
lady
laid
lamps
land
languid
lap
large
larger
largest
lark
last
lasted
lastly
late
lately
later
latin
latitude
laugh
laughed
laughing
laughter
law
lay
lazily
lazy
leaders
leading
leaning
leant
leap
learn
learned
learning
learnt
least
leave
leaves
leaving
led
ledge
left
lefthand
legged
legs
length
less
lessen
lesson
lessons
lest
let
letter
letters
lewis
licking
lie
life
lifted
like
liked
likely
likes
limbs
line
lines
linked
lips
list
listen
listened
listeners
listening
lit
little
live
lived
livery
lives
living
lizard
ll
lobster
lobsters
lock
locked
locks
lodging
london
lonely
long
longed
longer
longitude
look
looked
looking
loose
lory
lose
losing
lost
loud
louder
loudly
love
loveliest
lovely
loving
low
lower
lowing
luckily
lullaby
lying
m
ma
mabel
machines
mad
made
magic
magpie
majesty
make
makes
making
mallets
man
manage
managed
managing
manner
manners
many
maps
march
marched
mark
marked
marmalade
mary
master
matter
matters
may
maybe
mayn
me
meal
mean
meaning
means
meant
meanwhile
measure
meat
meekly
meet
meeting
melancholy
memorandum
memory
men
mentioned
mercia
merely
merrily
messages
met
mice
middle
might
mile
miles
milk
millennium
mind
minded
minding
mine
mineral
minute
minutes
mischief
miserable
miss
missed
mistake
mixed
mock
moderate
modern
moment
month
moon
moral
morals
morcar
more
morning
morsel
most
mostly
mournful
mournfully
mouse
mouth
mouths
move
moved
moving
much
muchness
muddle
multiplication
murder
murdering
muscular
mushroom
music
must
mustard
muttered
muttering
my
myself
mystery
name
names
narrow
nasty
natural
natured
naturedly
nay
near
nearer
nearly
neat
neatly
neck
needn
needs
neighbour
neighbouring
neither
nervous
nest
never
nevertheless
new
newspapers
next
nibbled
nibbling
nice
nicely
night
nile
nine
no
nobody
nodded
noise
noises
none
nonsense
nor
normans
northumbria
nose
not
note
nothing
notice
noticed
noticing
notion
now
nowhere
number
nurse
nursing
o
obliged
oblong
obstacle
occasional
occasionally
occurred
odd
of
off
offend
offended
offer
officer
officers
often
oh
ointment
old
older
oldest
on
once
one
ones
oneself
onions
only
oop
ootiful
open
opened
opening
opinion
opportunity
opposite
or
orange
order
ordered
ordering
ornamented
other
others
otherwise
ou
ought
our
ours
ourselves
out
outside
over
overcome
overhead
owl
own
oyster
pace
pack
paint
painting
pair
pairs
pale
pan
panted
panther
panting
paper
parchment
pardon
pardoned
paris
part
particular
partner
partners
parts
party
pass
passage
passed
passing
passion
passionate
past
pat
patience
patiently
patriotic
patted
pattering
pattern
pause
paused
paw
paws
pebbles
peeped
peeping
peering
pegs
pence
pencil
pencils
pennyworth
people
pepper
perfectly
perhaps
permitted
persisted
person
personal
persons
pet
picked
picking
picture
pictured
pictures
pie
piece
pieces
pig
pigeon
pigs
pinch
pinched
pine
pink
piteous
pitied
pity
place
placed
places
plainly
plan
planning
plate
plates
play
played
players
playing
pleaded
pleasant
pleasanter
please
pleased
pleases
pleasing
pleasure
plenty
pocket
pointed
pointing
poison
poker
poky
politely
pool
poor
pop
pope
porpoise
position
positively
possible
possibly
pot
pounds
pour
poured
powdered
practice
pray
precious
present
presented
presently
presents
pressed
pressing
pretend
pretending
pretexts
prettier
pretty
prevent
printed
prison
prisoner
prize
prizes
proceed
procession
processions
produced
producing
promise
promised
promising
pronounced
proper
proposal
prosecute
protection
proud
prove
proved
proves
provoking
puffed
pulled
pulling
pun
punching
punished
puppy
purple
purpose
purring
push
puss
put
putting
puzzle
puzzled
puzzling
quadrille
quarrel
quarrelled
quarrelling
queen
queens
queer
queerest
question
questions
quick
quicker
quickly
quiet
quietly
quite
quiver
rabbit
rabbits
race
railway
raised
raising
ran
rapidly
rapped
rat
rate
rather
rats
rattle
rattling
raven
ravens
raving
raw
re
reach
reaching
read
readily
reading
ready
real
reality
really
rearing
reason
reasonable
reasons
received
recognised
recovered
red
reduced
reeds
reeling
refreshments
refused
regular
relief
relieved
remain
remained
remaining
remark
remarkable
remarked
remarking
remarks
remedies
remember
remembered
remembering
reminding
removed
repeat
repeated
repeating
replied
reply
resource
respect
respectable
respectful
rest
resting
result
retire
returned
returning
rich
riddle
riddles
ridge
ridges
ridiculous
right
righthand
rightly
ring
ringlets
riper
rippling
rise
rises
rising
roared
roast
rock
rocket
rome
roof
room
roots
rope
rose
roses
rosetree
roughly
round
row
royal
rubbed
rubbing
rude
rudeness
rule
rules
rumbling
run
running
rush
rushed
rustled
rustling
s
sad
sadly
safe
sage
said
salmon
salt
same
sand
sands
sang
sat
saucepan
saucepans
saucer
savage
save
saves
saw
say
saying
says
scale
scaly
school
schoolroom
scolded
scrambling
scratching
scream
screamed
screaming
scroll
sea
seals
seaography
search
seaside
seated
second
secondly
secret
see
seeing
seem
seemed
seems
seen
seldom
sell
send
sending
sends
sensation
sense
sent
sentence
sentenced
series
seriously
serpent
serpents
set
setting
settle
settled
settling
seven
several
severely
severity
sh
shade
shake
shakespeare
shaking
shall
shan
shape
shaped
share
shared
sharing
shark
sharks
sharp
sharply
she
shedding
sheep
shelves
shepherd
shifting
shilling
shillings
shingle
shining
shiny
shiver
shock
shoes
shook
shore
short
shorter
should
shoulder
shoulders
shouldn
shouted
shouting
show
shower
showing
shriek
shrieked
shrieks
shrill
shrimp
shrink
shrinking
shut
shutting
shy
shyly
side
sides
sigh
sighed
sighing
sight
sign
signed
signifies
signify
silence
silent
simple
simpleton
simply
since
sing
singers
singing
sink
sir
sister
sisters
sit
sits
sitting
six
sixpence
sixteenth
size
sizes
skimming
skirt
skurried
sky
slate
slates
sleep
sleepy
slightest
slipped
slippery
slowly
sluggard
small
smaller
smallest
smile
smiled
smiling
smoke
smoking
snail
snappishly
snatch
sneeze
sneezed
sneezes
sneezing
snorting
snout
so
sob
sobbed
sobbing
sobs
soft
softly
soldier
soldiers
solemn
solemnly
soles
solid
some
somebody
somehow
someone
somersault
something
sometimes
somewhere
son
song
soo
soon
sooner
soothing
sorrow
sorrowful
sorrows
sorry
sort
sorts
sound
sounded
sounds
soup
sour
spades
speak
speaker
speaking
spectacles
speech
speed
spell
spirited
spite
splash
splashed
splashing
splendidly
spoke
spoken
spoon
spot
sprawling
spread
spreading
squeaked
squeaking
squeeze
squeezed
stairs
stalk
stamping
stand
standing
star
staring
started
startled
state
station
stay
stays
steady
steam
sternly
stick
sticks
stiff
stigand
still
stingy
stirring
stockings
stole
stolen
stood
stool
stoop
stop
stopped
stopping
story
straight
straightened
straightening
strange
strength
stretched
stretching
strings
struck
stuff
stupid
stupidest
stupidly
subdued
subject
subjects
submitted
succeeded
such
sudden
suddenly
suet
sugar
suit
sulkily
sulky
summer
sun
supple
suppose
suppress
suppressed
sure
surprise
surprised
swallow
swallowed
swallowing
swam
sweet
swim
swimming
t
table
tail
tails
take
taken
takes
taking
tale
tales
talk
talking
taller
tart
tarts
taste
tasted
tastes
taught
tea
teaching
teacup
teacups
teapot
tears
teases
teeth
telescope
telescopes
tell
telling
tells
temper
tempered
ten
terms
terribly
terrier
terror
than
thank
thanked
that
thatched
the
their
theirs
them
themselves
then
there
therefore
these
they
thick
thimble
thin
thing
things
think
thinking
thirteen
this
thistle
thoroughly
those
though
thought
thoughtfully
thoughts
thousand
three
threw
throat
throne
through
throw
throwing
thrown
thump
thunder
thunderstorm
tide
tidy
tie
tied
tight
till
tillie
time
times
timid
timidly
tinkling
tiny
tipped
tiptoe
tired
tis
tittered
to
toast
today
toes
toffee
together
told
tomorrow
tone
tones
tongue
too
took
top
tops
tortoise
toss
tossing
touch
tougher
towards
toys
trampled
traps
tray
treacle
treading
treat
treated
tree
trees
tremble
trembled
trembling
tremulous
trial
trials
trickling
tricks
tried
trims
triumphantly
trot
trotting
trouble
true
trumpet
trusts
truth
truthful
try
trying
tucked
tulip
tumbled
tumbling
tunnel
tureen
turkey
turn
turned
turning
turns
turtle
turtles
tut
twelfth
twelve
twentieth
twenty
twice
twinkle
twinkled
twinkling
twist
two
ugh
uglification
uglify
uglifying
ugly
unable
uncivil
uncomfortable
uncomfortably
uncommon
uncommonly
uncorked
under
underneath
understand
understood
undertone
undo
undoing
uneasily
uneasy
unfolded
unfortunate
unhappy
unimportant
unjust
unless
unlocking
unpleasant
unrolled
until
untwist
unusually
unwillingly
up
upon
upright
upset
upsetting
upstairs
us
use
used
useful
using
usual
usually
usurpation
v
vague
vanished
vanishing
variations
various
ve
vegetable
velvet
venture
ventured
verdict
verse
verses
very
vi
vii
viii
vinegar
violence
violent
violently
visit
voice
voices
vote
vulgar
w
wag
wags
waist
waistcoat
wait
waited
waiting
wake
walk
walked
walking
walrus
wander
wandered
wandering
want
wanted
wants
warning
was
wash
washing
wasn
waste
wasting
watch
watched
watching
water
waters
waving
way
ways
we
weak
wearily
week
weeks
welcome
well
went
wept
were
weren
wet
what
whatever
when
whenever
where
whereupon
wherever
whether
which
while
whiles
whiskers
whisper
whispered
whispers
whistle
whistling
white
whiting
who
whoever
whole
whom
whose
why
wide
wider
wife
wig
wild
wildly
will
william
win
wind
window
wine
wings
wink
winter
wise
wish
with
within
without
witness
wits
woke
woman
won
wonder
wondered
wonderful
wondering
wonderland
wood
wooden
word
words
wore
work
works
world
worm
worried
worry
worse
worth
would
wouldn
wow
wrapping
wretched
wriggling
write
writhing
writing
written
wrong
wrote
x
xi
xii
yard
yards
yawned
yawning
ye
year
years
yelled
yelp
yer
yes
yesterday
yet
you
young
your
yours
yourself
youth
zealand
zigzag
