CHAMPIONS LIGUE
1) Alemania 7p, 3g (2-1-0), 5gd (9-4)
2) Brasil 6p, 3g (2-0-1), 3gd (7-4)
3) Chile 1p, 2g (0-1-1), -1gd (4-5)
4) Mexico 0p, 2g (0-0-2), -7gd (1-8)

World Cup 1998 - Group A
1) Brazil 6p, 3g (2-0-1), 3gd (6-3)
2) Norway 5p, 3g (1-2-0), 1gd (5-4)
3) Morocco 4p, 3g (1-1-1), 0gd (5-5)
4) Scotland 1p, 3g (0-1-2), -4gd (2-6)

Some strange tournament
1) Team D 4p, 2g (1-1-0), 1gd (2-1)
2) Team E 3p, 2g (1-0-1), 0gd (3-3)
3) Team A 3p, 3g (0-3-0), 0gd (3-3)
4) Team B 1p, 1g (0-1-0), 0gd (1-1)
5) Team C 1p, 2g (0-1-1), -1gd (3-4)

Champions League, year 2087
1) FC Bayern Munchen 0p, 0g (0-0-0), 0gd (0-0)
2) HJK Helsinki 0p, 0g (0-0-0), 0gd (0-0)
3) hjk Helsinki 0p, 0g (0-0-0), 0gd (0-0)
4) olympiacos FC 0p, 0g (0-0-0), 0gd (0-0)
5) Olympiacos FC 0p, 0g (0-0-0), 0gd (0-0)
6) Paris Saint-Germain 0p, 0g (0-0-0), 0gd (0-0)
